
**** Build of configuration Release for project GDC703 ****

"C:\\ti\\ccsv6\\utils\\bin\\gmake" -k all 
'Building file: ../AD5064.c'
'Invoking: MSP430 Compiler'
"C:/ti/ccsv6/tools/compiler/msp430_15.12.3.LTS/bin/cl430" -vmspx --data_model=restricted -O2 --use_hw_mpy=32 --include_path="C:/ti/ccsv6/ccs_base/msp430/include" --include_path="C:/ti/ccsv6/tools/compiler/msp430_15.12.3.LTS/include" --advice:power=all --define=__MSP430F47177__ --diag_warning=225 --diag_wrap=off --display_error_number --printf_support=minimal --preproc_with_compile --preproc_dependency="AD5064.d"  "../AD5064.c"
"../AD5064.c", line 38: warning #64-D: shift count is too large
"../AD5064.c", line 38: warning #64-D: shift count is too large
"../AD5064.c", line 39: warning #225-D: function "spi_write" declared implicitly
"../AD5064.c", line 47: warning #225-D: function "ad5064_write" declared implicitly
'Finished building: ../AD5064.c'
' '
'Building target: GDC703.out'
'Invoking: MSP430 Linker'
"C:/ti/ccsv6/tools/compiler/msp430_15.12.3.LTS/bin/cl430" -vmspx --data_model=restricted -O2 --use_hw_mpy=32 --advice:power=all --define=__MSP430F47177__ --diag_warning=225 --diag_wrap=off --display_error_number --printf_support=minimal -z -m"GDC703.map" --stack_size=80 --heap_size=80 --cinit_hold_wdt=on -i"C:/ti/ccsv6/ccs_base/msp430/include" -i"C:/ti/ccsv6/ccs_base/msp430/lib/4xx" -i"C:/ti/ccsv6/tools/compiler/msp430_15.12.3.LTS/lib" -i"C:/ti/ccsv6/tools/compiler/msp430_15.12.3.LTS/include" --reread_libs --warn_sections --display_error_number --diag_wrap=off --xml_link_info="GDC703_linkInfo.xml" --use_hw_mpy=32 --rom_model -o "GDC703.out" "./AD5064.obj" "./IIC.obj" "./IO_Config.obj" "./SPI.obj" "./ad717x.obj" "./flash.obj" "./led_driver.obj" "./main.obj" "../lnk_msp430f47177.cmd"  -llibmath.a -llibc.a 
<Linking>
remark #10371-D: (ULP 1.1) Detected no uses of low power mode state changing instructions
remark #10372-D: (ULP 4.1) Detected uninitialized Port 1 in this project. Recommend initializing all unused ports to eliminate wasted current consumption on unused pins.
remark #10372-D: (ULP 4.1) Detected uninitialized Port 4 in this project. Recommend initializing all unused ports to eliminate wasted current consumption on unused pins.
remark #10372-D: (ULP 4.1) Detected uninitialized Port 5 in this project. Recommend initializing all unused ports to eliminate wasted current consumption on unused pins.
remark #10372-D: (ULP 4.1) Detected uninitialized Port 10 in this project. Recommend initializing all unused ports to eliminate wasted current consumption on unused pins.
remark #10372-D: (ULP 4.1) Detected uninitialized Port A in this project. Recommend initializing all unused ports to eliminate wasted current consumption on unused pins.
remark #10372-D: (ULP 4.1) Detected uninitialized Port B in this project. Recommend initializing all unused ports to eliminate wasted current consumption on unused pins.
'Finished building target: GDC703.out'
' '

**** Build Finished ****
