
**** Build of configuration Debug for project GDC703 ****

"C:\\ti\\ccsv6\\utils\\bin\\gmake" -k all 
gmake: Nothing to be done for 'all'.

**** Build Finished ****

**** Build of configuration Debug for project GDC703 ****

"C:\\ti\\ccsv6\\utils\\bin\\gmake" -k all 
gmake: Nothing to be done for 'all'.

**** Build Finished ****

**** Build of configuration Debug for project GDC703 ****

"C:\\ti\\ccsv6\\utils\\bin\\gmake" -k all 
'Building file: ../UARTA1.c'
'Invoking: MSP430 Compiler'
"C:/ti/ccsv6/tools/compiler/msp430_15.12.3.LTS/bin/cl430" -vmspx --data_model=restricted --use_hw_mpy=32 --include_path="C:/ti/ccsv6/ccs_base/msp430/include" --include_path="C:/ti/ccsv6/tools/compiler/msp430_15.12.3.LTS/include" --advice:power=all -g --define=__MSP430F47177__ --diag_warning=225 --diag_wrap=off --display_error_number --printf_support=minimal --preproc_with_compile --preproc_dependency="UARTA1.d"  "../UARTA1.c"
"../UARTA1.c", line 19: warning #179-D: variable "i" was declared but never referenced
"../UARTA1.c", line 19: remark #1535-D: (ULP 8.1) variable "i" is used as a constant. Recommend declaring variable as either 'static const' or 'const'
"../UARTA1.c", line 53: remark #1528-D: (ULP 3.1) Detected flag polling using UC1IFG. Recommend using an interrupt combined with enter LPMx and ISR
"../UARTA1.c", line 66: remark #1528-D: (ULP 3.1) Detected flag polling using UC1IFG. Recommend using an interrupt combined with enter LPMx and ISR
"../UARTA1.c", line 64: remark #1544-D: (ULP 13.1) Detected loop counting up. Recommend loops count down as detecting zeros is easier
'Finished building: ../UARTA1.c'
' '
'Building target: GDC703.out'
'Invoking: MSP430 Linker'
"C:/ti/ccsv6/tools/compiler/msp430_15.12.3.LTS/bin/cl430" -vmspx --data_model=restricted --use_hw_mpy=32 --advice:power=all -g --define=__MSP430F47177__ --diag_warning=225 --diag_wrap=off --display_error_number --printf_support=minimal -z -m"GDC703.map" --stack_size=80 --heap_size=80 --cinit_hold_wdt=on -i"C:/ti/ccsv6/ccs_base/msp430/include" -i"C:/ti/ccsv6/ccs_base/msp430/lib/4xx" -i"C:/ti/ccsv6/tools/compiler/msp430_15.12.3.LTS/lib" -i"C:/ti/ccsv6/tools/compiler/msp430_15.12.3.LTS/include" --reread_libs --warn_sections --display_error_number --diag_wrap=off --xml_link_info="GDC703_linkInfo.xml" --use_hw_mpy=32 --rom_model -o "GDC703.out" "./AD5064.obj" "./DS18B20.obj" "./IIC.obj" "./IO_Config.obj" "./MCP23S17.obj" "./SPI.obj" "./TimerA.obj" "./UARTA0.obj" "./UARTA1.obj" "./ad717x.obj" "./com_protocol.obj" "./flash.obj" "./led_driver.obj" "./main.obj" "./valve.obj" "../lnk_msp430f47177.cmd"  -llibmath.a -llibc.a 
<Linking>
remark #10371-D: (ULP 1.1) Detected no uses of low power mode state changing instructions
remark #10372-D: (ULP 4.1) Detected uninitialized Port 4 in this project. Recommend initializing all unused ports to eliminate wasted current consumption on unused pins.
remark #10372-D: (ULP 4.1) Detected uninitialized Port 7 in this project. Recommend initializing all unused ports to eliminate wasted current consumption on unused pins.
remark #10372-D: (ULP 4.1) Detected uninitialized Port 8 in this project. Recommend initializing all unused ports to eliminate wasted current consumption on unused pins.
remark #10372-D: (ULP 4.1) Detected uninitialized Port 9 in this project. Recommend initializing all unused ports to eliminate wasted current consumption on unused pins.
remark #10372-D: (ULP 4.1) Detected uninitialized Port 10 in this project. Recommend initializing all unused ports to eliminate wasted current consumption on unused pins.
remark #10372-D: (ULP 4.1) Detected uninitialized Port A in this project. Recommend initializing all unused ports to eliminate wasted current consumption on unused pins.
remark #10372-D: (ULP 4.1) Detected uninitialized Port B in this project. Recommend initializing all unused ports to eliminate wasted current consumption on unused pins.
'Finished building target: GDC703.out'
' '

**** Build Finished ****
